<?xml version="1.0" encoding="UTF-8"?>
<!-- Generated by org.testng.reporters.JUnitReportReporter -->
<testsuite hostname="DARSHANSAINI" failures="0" tests="5" name="storedProcedureTesting.SPTesting" time="0.188" errors="0" timestamp="2025-05-05T23:29:38 IST" skipped="0">
  <testcase classname="storedProcedureTesting.SPTesting" name="test_storedProceduresExists" time="0.051"/>
  <system-out/>
  <testcase classname="storedProcedureTesting.SPTesting" name="test_SelectAllCustomers" time="0.078"/>
  <system-out/>
  <testcase classname="storedProcedureTesting.SPTesting" name="test_SelectAllCustomersByCity" time="0.025"/>
  <system-out/>
  <testcase classname="storedProcedureTesting.SPTesting" name="test_SelectAllCustomersByCityAndPincode" time="0.017"/>
  <system-out/>
  <testcase classname="storedProcedureTesting.SPTesting" name="test_get_order_by_cust" time="0.017"/>
  <system-out/>
</testsuite> <!-- storedProcedureTesting.SPTesting -->
